  glad.c
  MainParticule.cpp
  stl.cpp
  texture.cpp
MainParticule.obj : error LNK2001: unresolved external symbol _glfwSwapBuffers
MainParticule.obj : error LNK2001: unresolved external symbol _glfwGetKey
MainParticule.obj : error LNK2001: unresolved external symbol _glfwGetFramebufferSize
MainParticule.obj : error LNK2001: unresolved external symbol _glfwTerminate
MainParticule.obj : error LNK2001: unresolved external symbol _glfwPollEvents
MainParticule.obj : error LNK2001: unresolved external symbol _glfwInit
MainParticule.obj : error LNK2001: unresolved external symbol _glfwSetKeyCallback
MainParticule.obj : error LNK2001: unresolved external symbol _glfwSetWindowShouldClose
MainParticule.obj : error LNK2001: unresolved external symbol _glfwCreateWindow
MainParticule.obj : error LNK2001: unresolved external symbol _glfwWindowHint
MainParticule.obj : error LNK2001: unresolved external symbol _glfwMakeContextCurrent
MainParticule.obj : error LNK2001: unresolved external symbol _glfwDestroyWindow
MainParticule.obj : error LNK2001: unresolved external symbol _glfwSetErrorCallback
MainParticule.obj : error LNK2001: unresolved external symbol _glfwWindowShouldClose
texture.obj : error LNK2001: unresolved external symbol __imp__ShowCursor@4
texture.obj : error LNK2001: unresolved external symbol __imp__SetForegroundWindow@4
texture.obj : error LNK2001: unresolved external symbol __imp__PeekMessageA@20
texture.obj : error LNK2001: unresolved external symbol __imp__SHGetSpecialFolderPathA@16
texture.obj : error LNK2001: unresolved external symbol __imp__SetDIBitsToDevice@48
texture.obj : error LNK2001: unresolved external symbol __imp__CreateWindowExA@48
texture.obj : error LNK2001: unresolved external symbol __imp__DefWindowProcA@16
texture.obj : error LNK2001: unresolved external symbol __imp__AdjustWindowRect@12
texture.obj : error LNK2001: unresolved external symbol __imp__EnumDisplaySettingsA@12
texture.obj : error LNK2001: unresolved external symbol __imp__TrackMouseEvent@4
texture.obj : error LNK2001: unresolved external symbol __imp__GetWindowLongA@8
texture.obj : error LNK2001: unresolved external symbol __imp__ChangeDisplaySettingsA@8
texture.obj : error LNK2001: unresolved external symbol __imp__SetWindowLongA@12
texture.obj : error LNK2001: unresolved external symbol __imp__ShowWindow@8
texture.obj : error LNK2001: unresolved external symbol __imp__SetWindowPos@28
texture.obj : error LNK2001: unresolved external symbol __imp__GetDC@4
texture.obj : error LNK2001: unresolved external symbol __imp__DestroyWindow@4
texture.obj : error LNK2001: unresolved external symbol __imp__GetWindowRect@8
texture.obj : error LNK2001: unresolved external symbol __imp__DispatchMessageA@4
texture.obj : error LNK2001: unresolved external symbol __imp__GetMessageA@16
D:\GitRepo\Synthese-image\OpenGLZ\Release\OpenGLZ.exe : fatal error LNK1120: 34 unresolved externals
