main.obj : error LNK2019: symbole externe non résolu _glfwInit référencé dans la fonction _main
main.obj : error LNK2019: symbole externe non résolu _glfwTerminate référencé dans la fonction _main
main.obj : error LNK2019: symbole externe non résolu _glfwSetErrorCallback référencé dans la fonction _main
main.obj : error LNK2019: symbole externe non résolu _glfwWindowHint référencé dans la fonction _main
main.obj : error LNK2019: symbole externe non résolu _glfwCreateWindow référencé dans la fonction _main
main.obj : error LNK2019: symbole externe non résolu _glfwDestroyWindow référencé dans la fonction _main
main.obj : error LNK2019: symbole externe non résolu _glfwWindowShouldClose référencé dans la fonction _main
main.obj : error LNK2019: symbole externe non résolu _glfwSetWindowShouldClose référencé dans la fonction "void __cdecl key_callback(struct GLFWwindow *,int,int,int,int)" (?key_callback@@YAXPAUGLFWwindow@@HHHH@Z)
main.obj : error LNK2019: symbole externe non résolu _glfwGetFramebufferSize référencé dans la fonction _main
main.obj : error LNK2019: symbole externe non résolu _glfwPollEvents référencé dans la fonction _main
main.obj : error LNK2019: symbole externe non résolu _glfwSetKeyCallback référencé dans la fonction _main
main.obj : error LNK2019: symbole externe non résolu _glfwMakeContextCurrent référencé dans la fonction _main
main.obj : error LNK2019: symbole externe non résolu _glfwSwapBuffers référencé dans la fonction _main
main.obj : error LNK2019: symbole externe non résolu _glfwSwapInterval référencé dans la fonction _main
texture.obj : error LNK2019: symbole externe non résolu __imp__SetDIBitsToDevice@48 référencé dans la fonction "public: struct cimg_library::CImgDisplay & __thiscall cimg_library::CImgDisplay::paint(void)" (?paint@CImgDisplay@cimg_library@@QAEAAU12@XZ)
texture.obj : error LNK2019: symbole externe non résolu __imp__TrackMouseEvent@4 référencé dans la fonction "public: static long __stdcall cimg_library::CImgDisplay::_handle_events(struct HWND__ *,unsigned int,unsigned int,long)" (?_handle_events@CImgDisplay@cimg_library@@SGJPAUHWND__@@IIJ@Z)
texture.obj : error LNK2019: symbole externe non résolu __imp__GetMessageA@16 référencé dans la fonction "public: static unsigned long __stdcall cimg_library::CImgDisplay::_events_thread(void *)" (?_events_thread@CImgDisplay@cimg_library@@SGKPAX@Z)
texture.obj : error LNK2019: symbole externe non résolu __imp__DispatchMessageA@4 référencé dans la fonction "public: static unsigned long __stdcall cimg_library::CImgDisplay::_events_thread(void *)" (?_events_thread@CImgDisplay@cimg_library@@SGKPAX@Z)
texture.obj : error LNK2019: symbole externe non résolu __imp__PeekMessageA@20 référencé dans la fonction "public: static long __stdcall cimg_library::CImgDisplay::_handle_events(struct HWND__ *,unsigned int,unsigned int,long)" (?_handle_events@CImgDisplay@cimg_library@@SGJPAUHWND__@@IIJ@Z)
texture.obj : error LNK2019: symbole externe non résolu __imp__DefWindowProcA@16 référencé dans la fonction "public: static long __stdcall cimg_library::CImgDisplay::_handle_events(struct HWND__ *,unsigned int,unsigned int,long)" (?_handle_events@CImgDisplay@cimg_library@@SGJPAUHWND__@@IIJ@Z)
texture.obj : error LNK2019: symbole externe non résolu __imp__CreateWindowExA@48 référencé dans la fonction "public: static unsigned long __stdcall cimg_library::CImgDisplay::_events_thread(void *)" (?_events_thread@CImgDisplay@cimg_library@@SGKPAX@Z)
texture.obj : error LNK2019: symbole externe non résolu __imp__DestroyWindow@4 référencé dans la fonction "public: void __thiscall cimg_library::CImgDisplay::_desinit_fullscreen(void)" (?_desinit_fullscreen@CImgDisplay@cimg_library@@QAEXXZ)
texture.obj : error LNK2019: symbole externe non résolu __imp__ShowWindow@8 référencé dans la fonction "public: static long __stdcall cimg_library::CImgDisplay::_handle_events(struct HWND__ *,unsigned int,unsigned int,long)" (?_handle_events@CImgDisplay@cimg_library@@SGJPAUHWND__@@IIJ@Z)
texture.obj : error LNK2019: symbole externe non résolu __imp__SetWindowPos@28 référencé dans la fonction "public: struct cimg_library::CImgDisplay & __thiscall cimg_library::CImgDisplay::move(int,int)" (?move@CImgDisplay@cimg_library@@QAEAAU12@HH@Z)
texture.obj : error LNK2019: symbole externe non résolu __imp__SetForegroundWindow@4 référencé dans la fonction "public: static unsigned long __stdcall cimg_library::CImgDisplay::_events_thread(void *)" (?_events_thread@CImgDisplay@cimg_library@@SGKPAX@Z)
texture.obj : error LNK2019: symbole externe non résolu __imp__GetDC@4 référencé dans la fonction "public: static unsigned long __stdcall cimg_library::CImgDisplay::_events_thread(void *)" (?_events_thread@CImgDisplay@cimg_library@@SGKPAX@Z)
texture.obj : error LNK2019: symbole externe non résolu __imp__GetWindowRect@8 référencé dans la fonction "public: static unsigned long __stdcall cimg_library::CImgDisplay::_events_thread(void *)" (?_events_thread@CImgDisplay@cimg_library@@SGKPAX@Z)
texture.obj : error LNK2019: symbole externe non résolu __imp__AdjustWindowRect@12 référencé dans la fonction "public: static unsigned long __stdcall cimg_library::CImgDisplay::_events_thread(void *)" (?_events_thread@CImgDisplay@cimg_library@@SGKPAX@Z)
texture.obj : error LNK2019: symbole externe non résolu __imp__ShowCursor@4 référencé dans la fonction "public: static long __stdcall cimg_library::CImgDisplay::_handle_events(struct HWND__ *,unsigned int,unsigned int,long)" (?_handle_events@CImgDisplay@cimg_library@@SGJPAUHWND__@@IIJ@Z)
texture.obj : error LNK2019: symbole externe non résolu __imp__GetWindowLongA@8 référencé dans la fonction "public: static long __stdcall cimg_library::CImgDisplay::_handle_events(struct HWND__ *,unsigned int,unsigned int,long)" (?_handle_events@CImgDisplay@cimg_library@@SGJPAUHWND__@@IIJ@Z)
texture.obj : error LNK2019: symbole externe non résolu __imp__SetWindowLongA@12 référencé dans la fonction "public: static unsigned long __stdcall cimg_library::CImgDisplay::_events_thread(void *)" (?_events_thread@CImgDisplay@cimg_library@@SGKPAX@Z)
texture.obj : error LNK2019: symbole externe non résolu __imp__ChangeDisplaySettingsA@8 référencé dans la fonction "public: void __thiscall cimg_library::CImgDisplay::_desinit_fullscreen(void)" (?_desinit_fullscreen@CImgDisplay@cimg_library@@QAEXXZ)
texture.obj : error LNK2019: symbole externe non résolu __imp__EnumDisplaySettingsA@12 référencé dans la fonction "public: void __thiscall cimg_library::CImgDisplay::_init_fullscreen(void)" (?_init_fullscreen@CImgDisplay@cimg_library@@QAEXXZ)
texture.obj : error LNK2019: symbole externe non résolu __imp__SHGetSpecialFolderPathA@16 référencé dans la fonction "char const * __cdecl cimg_library::cimg::programfiles_path(char const * const,bool)" (?programfiles_path@cimg@cimg_library@@YAPBDQBD_N@Z)
D:\OpenGL\OpenGLZ\OpenGLZ\glfw\lib-vc2019\glfw3.lib : warning LNK4272: type d'ordinateur bibliothèque 'x64' en conflit avec le type d'ordinateur cible 'x86'
D:\OpenGL\OpenGLZ\Debug\OpenGLZ.exe : fatal error LNK1120: 34 externes non résolus
