  TP2.cpp
D:\GitRepo\Synthese image\Synthese_img\TP2\TP2.hpp(133,90): warning C4244:  'argument' : conversion de 'const T' en 'const T', perte possible de données
D:\GitRepo\Synthese image\Synthese_img\TP2\TP2.hpp(133,90): warning C4244:         with
D:\GitRepo\Synthese image\Synthese_img\TP2\TP2.hpp(133,90): warning C4244:         [
D:\GitRepo\Synthese image\Synthese_img\TP2\TP2.hpp(133,90): warning C4244:             T=int
D:\GitRepo\Synthese image\Synthese_img\TP2\TP2.hpp(133,90): warning C4244:         ]
D:\GitRepo\Synthese image\Synthese_img\TP2\TP2.hpp(133,90): warning C4244:         and
D:\GitRepo\Synthese image\Synthese_img\TP2\TP2.hpp(133,90): warning C4244:         [
D:\GitRepo\Synthese image\Synthese_img\TP2\TP2.hpp(133,90): warning C4244:             T=float
D:\GitRepo\Synthese image\Synthese_img\TP2\TP2.hpp(133,90): warning C4244:         ]
D:\GitRepo\Synthese image\Synthese_img\TP2\TP2.hpp(133,71): warning C4244:  'argument' : conversion de 'const T' en 'const T', perte possible de données
D:\GitRepo\Synthese image\Synthese_img\TP2\TP2.hpp(133,71): warning C4244:         with
D:\GitRepo\Synthese image\Synthese_img\TP2\TP2.hpp(133,71): warning C4244:         [
D:\GitRepo\Synthese image\Synthese_img\TP2\TP2.hpp(133,71): warning C4244:             T=int
D:\GitRepo\Synthese image\Synthese_img\TP2\TP2.hpp(133,71): warning C4244:         ]
D:\GitRepo\Synthese image\Synthese_img\TP2\TP2.hpp(133,71): warning C4244:         and
D:\GitRepo\Synthese image\Synthese_img\TP2\TP2.hpp(133,71): warning C4244:         [
D:\GitRepo\Synthese image\Synthese_img\TP2\TP2.hpp(133,71): warning C4244:             T=float
D:\GitRepo\Synthese image\Synthese_img\TP2\TP2.hpp(133,71): warning C4244:         ]
D:\GitRepo\Synthese image\Synthese_img\TP2\TP2.hpp(133,52): warning C4244:  'argument' : conversion de 'const T' en 'const T', perte possible de données
D:\GitRepo\Synthese image\Synthese_img\TP2\TP2.hpp(133,52): warning C4244:         with
D:\GitRepo\Synthese image\Synthese_img\TP2\TP2.hpp(133,52): warning C4244:         [
D:\GitRepo\Synthese image\Synthese_img\TP2\TP2.hpp(133,52): warning C4244:             T=int
D:\GitRepo\Synthese image\Synthese_img\TP2\TP2.hpp(133,52): warning C4244:         ]
D:\GitRepo\Synthese image\Synthese_img\TP2\TP2.hpp(133,52): warning C4244:         and
D:\GitRepo\Synthese image\Synthese_img\TP2\TP2.hpp(133,52): warning C4244:         [
D:\GitRepo\Synthese image\Synthese_img\TP2\TP2.hpp(133,52): warning C4244:             T=float
D:\GitRepo\Synthese image\Synthese_img\TP2\TP2.hpp(133,52): warning C4244:         ]
D:\GitRepo\Synthese image\Synthese_img\TP2\TP2.cpp(7,12): warning C4244:  'argument' : conversion de 'time_t' en 'unsigned int', perte possible de données
D:\GitRepo\Synthese image\Synthese_img\TP2\TP2.cpp(26,31): warning C4244:  'argument' : conversion de 'int' en 'const T', perte possible de données
D:\GitRepo\Synthese image\Synthese_img\TP2\TP2.cpp(26,31): warning C4244:         with
D:\GitRepo\Synthese image\Synthese_img\TP2\TP2.cpp(26,31): warning C4244:         [
D:\GitRepo\Synthese image\Synthese_img\TP2\TP2.cpp(26,31): warning C4244:             T=float
D:\GitRepo\Synthese image\Synthese_img\TP2\TP2.cpp(26,31): warning C4244:         ]
D:\GitRepo\Synthese image\Synthese_img\TP2\TP2.cpp(26,29): warning C4244:  'argument' : conversion de 'int' en 'const T', perte possible de données
D:\GitRepo\Synthese image\Synthese_img\TP2\TP2.cpp(26,29): warning C4244:         with
D:\GitRepo\Synthese image\Synthese_img\TP2\TP2.cpp(26,29): warning C4244:         [
D:\GitRepo\Synthese image\Synthese_img\TP2\TP2.cpp(26,29): warning C4244:             T=float
D:\GitRepo\Synthese image\Synthese_img\TP2\TP2.cpp(26,29): warning C4244:         ]
  TP2.vcxproj -> D:\GitRepo\Synthese image\Synthese_img\x64\Debug\TP2.exe
